D, [2011-11-11T16:47:35.520507 #2303] DEBUG -- :   [1m[36m (0.3ms)[0m  [1mselect sqlite_version(*)[0m
D, [2011-11-11T16:47:35.521786 #2303] DEBUG -- :   [1m[35m (0.3ms)[0m  CREATE TABLE "news" ("id" INTEGER PRIMARY KEY AUTOINCREMENT NOT NULL, "title" varchar(255), "slug" varchar(255), "body" text, "category_id" integer, "trx_id" integer) 
D, [2011-11-11T16:47:35.522929 #2303] DEBUG -- :   [1m[36m (0.1ms)[0m  [1mCREATE TABLE "categories" ("id" INTEGER PRIMARY KEY AUTOINCREMENT NOT NULL, "name" varchar(255), "desc" varchar(255), "trx_id" integer) [0m
D, [2011-11-11T16:47:35.523777 #2303] DEBUG -- :   [1m[35m (0.1ms)[0m  CREATE TABLE "groups" ("id" INTEGER PRIMARY KEY AUTOINCREMENT NOT NULL, "name" varchar(255)) 
D, [2011-11-11T16:47:35.524483 #2303] DEBUG -- :   [1m[36m (0.1ms)[0m  [1mCREATE TABLE "categories_groups" ("category_id" integer, "group_id" integer) [0m
D, [2011-11-11T16:47:35.525872 #2303] DEBUG -- :   [1m[35m (0.1ms)[0m  CREATE TABLE "meta_datas" ("id" INTEGER PRIMARY KEY AUTOINCREMENT NOT NULL, "title" varchar(255), "url" varchar(255), "keywords" varchar(255), "description" text, "metaable_type" varchar(255), "metaable_id" integer) 
D, [2011-11-11T16:47:35.655329 #2303] DEBUG -- :   [1m[36m (0.2ms)[0m  [1mCREATE TABLE "news_translation" ("id" INTEGER PRIMARY KEY AUTOINCREMENT NOT NULL, "news_id" integer NOT NULL, "locale" varchar(5) NOT NULL, "title" varchar(255), "body" text) [0m
D, [2011-11-11T16:47:35.655733 #2303] DEBUG -- :   [1m[35m (0.0ms)[0m  PRAGMA index_list("news_translation")
D, [2011-11-11T16:47:35.656008 #2303] DEBUG -- :   [1m[36m (0.1ms)[0m  [1mCREATE UNIQUE INDEX "index_news_translation_on_news_id_and_locale" ON "news_translation" ("news_id", "locale")[0m
D, [2011-11-11T16:47:35.658441 #2303] DEBUG -- :   [1m[35m (0.1ms)[0m  CREATE TABLE "category_translation" ("id" INTEGER PRIMARY KEY AUTOINCREMENT NOT NULL, "category_id" integer NOT NULL, "locale" varchar(5) NOT NULL, "name" varchar(255)) 
D, [2011-11-11T16:47:35.658746 #2303] DEBUG -- :   [1m[36m (0.0ms)[0m  [1mPRAGMA index_list("category_translation")[0m
D, [2011-11-11T16:47:35.659007 #2303] DEBUG -- :   [1m[35m (0.1ms)[0m  CREATE UNIQUE INDEX "index_category_translation_on_category_id_and_locale" ON "category_translation" ("category_id", "locale")
D, [2011-11-11T16:47:35.661458 #2303] DEBUG -- :   [1m[36m (0.2ms)[0m  [1mCREATE TABLE "group_translation" ("id" INTEGER PRIMARY KEY AUTOINCREMENT NOT NULL, "group_id" integer NOT NULL, "locale" varchar(5) NOT NULL, "name" varchar(255)) [0m
D, [2011-11-11T16:47:35.661796 #2303] DEBUG -- :   [1m[35m (0.0ms)[0m  PRAGMA index_list("group_translation")
D, [2011-11-11T16:47:35.662056 #2303] DEBUG -- :   [1m[36m (0.1ms)[0m  [1mCREATE UNIQUE INDEX "index_group_translation_on_group_id_and_locale" ON "group_translation" ("group_id", "locale")[0m
D, [2011-11-11T16:47:35.664828 #2303] DEBUG -- :   [1m[35m (0.1ms)[0m  CREATE TABLE "meta_data_translation" ("id" INTEGER PRIMARY KEY AUTOINCREMENT NOT NULL, "meta_data_id" integer NOT NULL, "locale" varchar(5) NOT NULL, "title" varchar(255), "url" varchar(255), "keywords" varchar(255), "description" text) 
D, [2011-11-11T16:47:35.665142 #2303] DEBUG -- :   [1m[36m (0.0ms)[0m  [1mPRAGMA index_list("meta_data_translation")[0m
D, [2011-11-11T16:47:35.665413 #2303] DEBUG -- :   [1m[35m (0.1ms)[0m  CREATE UNIQUE INDEX "index_meta_data_translation_on_meta_data_id_and_locale" ON "meta_data_translation" ("meta_data_id", "locale")
D, [2011-11-11T16:47:35.908221 #2303] DEBUG -- :   [1m[36mSQL (0.1ms)[0m  [1mDELETE FROM "news"[0m
D, [2011-11-11T16:47:35.908545 #2303] DEBUG -- :   [1m[35mSQL (0.0ms)[0m  DELETE FROM "categories"
D, [2011-11-11T16:47:35.908838 #2303] DEBUG -- :   [1m[36mSQL (0.0ms)[0m  [1mDELETE FROM "meta_datas"[0m
D, [2011-11-11T16:47:35.913696 #2303] DEBUG -- :   [1m[35mSQL (0.1ms)[0m  INSERT INTO "groups" ("name") VALUES (?)  [["name", "Sport"]]
D, [2011-11-11T16:47:35.981631 #2303] DEBUG -- :   [1m[36mSQL (12.4ms)[0m  [1mINSERT INTO "categories" ("desc", "name", "trx_id") VALUES (?, ?, ?)[0m  [["desc", nil], ["name", "Golf"], ["trx_id", nil]]
D, [2011-11-11T16:47:35.982538 #2303] DEBUG -- :   [1m[35m (0.0ms)[0m  INSERT INTO "categories_groups" ("category_id", "group_id") VALUES (1, 1)
D, [2011-11-11T16:47:36.020890 #2303] DEBUG -- :   [1m[36mSQL (0.2ms)[0m  [1mINSERT INTO "news" ("body", "category_id", "slug", "title", "trx_id") VALUES (?, ?, ?, ?, ?)[0m  [["body", "Voluptatem quo aut enim quis. Provident nulla iste qui odit et. Qui repellat numquam saepe et et velit rem.Fuga dolor deleniti quisquam non quae laudantium reprehenderit et. Consequatur qui similique aut vero harum neque. Praesentium et eaque fugiat exercitationem laboriosam.Aut laborum suscipit voluptas. Sit atque praesentium voluptate fugit aut rem cum. Vel reprehenderit quaerat quas natus laboriosam unde cumque maxime.Animi exercitationem impedit dolorem blanditiis repellat. Minima voluptas amet sint quis qui. Iusto provident exercitationem tempora non est.Debitis similique quibusdam hic doloribus expedita ut. Sit alias atque et fugit molestiae facilis velit fugiat. Vel odio reiciendis tempora rerum. Maxime doloremque labore est qui fugiat non tempore.Et ut tempora reprehenderit. Et voluptatem aut molestiae iste. Ea voluptatibus tempora consectetur neque in. Totam cumque enim et est est ea voluptas adipisci. Eligendi cumque sunt expedita sit incidunt earum nesciunt.Asperiores qui esse libero earum sunt sit qui. Aut temporibus et in dolor dolore occaecati. Neque voluptates voluptas non. Officiis reprehenderit et omnis reiciendis. Quia quae nostrum ad.Rerum quos et voluptas iusto. Repellat et odio quo aut dignissimos sed rerum natus. Dolor necessitatibus omnis vitae temporibus rem fugit. Magnam adipisci fugit quia. Aut eos suscipit et occaecati dolor voluptatem.Expedita voluptatem porro minus. Est non dicta repellat est et facere et illo. Recusandae aperiam non voluptate eius placeat quia adipisci.Repudiandae explicabo ea asperiores qui exercitationem. Et rerum quibusdam id laudantium neque. Cupiditate qui voluptatem voluptatem aspernatur numquam ex."], ["category_id", 1], ["slug", nil], ["title", "Tiger Woods sucks"], ["trx_id", nil]]
D, [2011-11-11T16:47:36.100474 #2303] DEBUG -- :   [1m[35m (0.1ms)[0m  SELECT 1 FROM "group_translation" WHERE ("group_translation"."locale" = 'lv' AND "group_translation"."group_id" = 1) LIMIT 1
D, [2011-11-11T16:47:36.101427 #2303] DEBUG -- :   [1m[36mSQL (0.1ms)[0m  [1mINSERT INTO "group_translation" ("group_id", "locale", "name") VALUES (?, ?, ?)[0m  [["group_id", 1], ["locale", "lv"], ["name", "Sports"]]
D, [2011-11-11T16:47:36.108088 #2303] DEBUG -- :   [1m[35m (0.1ms)[0m  SELECT 1 FROM "category_translation" WHERE ("category_translation"."locale" = 'lv' AND "category_translation"."category_id" = 1) LIMIT 1
D, [2011-11-11T16:47:36.108898 #2303] DEBUG -- :   [1m[36mSQL (0.1ms)[0m  [1mINSERT INTO "category_translation" ("category_id", "locale", "name") VALUES (?, ?, ?)[0m  [["category_id", 1], ["locale", "lv"], ["name", "Golfs"]]
D, [2011-11-11T16:47:36.116335 #2303] DEBUG -- :   [1m[35m (0.1ms)[0m  SELECT 1 FROM "news_translation" WHERE ("news_translation"."locale" = 'lv' AND "news_translation"."news_id" = 1) LIMIT 1
D, [2011-11-11T16:47:36.117210 #2303] DEBUG -- :   [1m[36mSQL (0.1ms)[0m  [1mINSERT INTO "news_translation" ("body", "locale", "news_id", "title") VALUES (?, ?, ?, ?)[0m  [["body", nil], ["locale", "lv"], ["news_id", 1], ["title", "Taigers Vuds nekam neder"]]
D, [2011-11-11T16:47:36.118546 #2303] DEBUG -- :   [1m[35mGroupTranslation Load (0.1ms)[0m  SELECT "group_translation".* FROM "group_translation" WHERE "group_translation"."group_id" = 1
D, [2011-11-11T16:47:36.119414 #2303] DEBUG -- :   [1m[36mCategoryTranslation Load (0.1ms)[0m  [1mSELECT "category_translation".* FROM "category_translation" WHERE "category_translation"."category_id" = 1[0m
D, [2011-11-11T16:47:36.120267 #2303] DEBUG -- :   [1m[35mNewsTranslation Load (0.1ms)[0m  SELECT "news_translation".* FROM "news_translation" WHERE "news_translation"."news_id" = 1
D, [2011-11-11T16:47:36.132020 #2303] DEBUG -- :   [1m[36mCategory Load (0.1ms)[0m  [1mSELECT "categories".* FROM "categories" WHERE "categories"."id" = 1 LIMIT 1[0m
D, [2011-11-11T16:47:36.132809 #2303] DEBUG -- :   [1m[35mCategoryTranslation Load (0.1ms)[0m  SELECT "category_translation".* FROM "category_translation" WHERE "category_translation"."category_id" = 1
D, [2011-11-11T16:47:36.138989 #2303] DEBUG -- :   [1m[36mGroup Load (0.1ms)[0m  [1mSELECT "groups".* FROM "groups" INNER JOIN "categories_groups" ON "groups"."id" = "categories_groups"."group_id" WHERE "categories_groups"."category_id" = 1 LIMIT 1[0m
D, [2011-11-11T16:47:36.139826 #2303] DEBUG -- :   [1m[35mGroupTranslation Load (0.1ms)[0m  SELECT "group_translation".* FROM "group_translation" WHERE "group_translation"."group_id" = 1
D, [2011-11-11T16:47:36.148761 #2303] DEBUG -- :   [1m[36mMetaData Load (0.1ms)[0m  [1mSELECT "meta_datas".* FROM "meta_datas" WHERE "meta_datas"."metaable_id" = 1 AND "meta_datas"."metaable_type" = 'News' LIMIT 1[0m
D, [2011-11-11T16:47:36.149465 #2303] DEBUG -- :   [1m[35mSQL (0.1ms)[0m  DELETE FROM "news_translation" WHERE "news_translation"."id" = ?  [["id", 1]]
D, [2011-11-11T16:47:36.149927 #2303] DEBUG -- :   [1m[36mSQL (0.1ms)[0m  [1mDELETE FROM "news" WHERE "news"."id" = ?[0m  [["id", 1]]
D, [2011-11-11T16:47:36.150633 #2303] DEBUG -- :   [1m[35mSQL (0.1ms)[0m  DELETE FROM "category_translation" WHERE "category_translation"."id" = ?  [["id", 1]]
D, [2011-11-11T16:47:36.151695 #2303] DEBUG -- :   [1m[36mGroup Load (0.1ms)[0m  [1mSELECT "groups".* FROM "groups" INNER JOIN "categories_groups" ON "groups"."id" = "categories_groups"."group_id" WHERE "categories_groups"."category_id" = 1[0m
D, [2011-11-11T16:47:36.152197 #2303] DEBUG -- :   [1m[35m (0.1ms)[0m  DELETE FROM "categories_groups" WHERE "categories_groups"."category_id" = 1 AND "categories_groups"."group_id" IN (1)
D, [2011-11-11T16:47:36.152587 #2303] DEBUG -- :   [1m[36mSQL (0.1ms)[0m  [1mDELETE FROM "categories" WHERE "categories"."id" = ?[0m  [["id", 1]]
D, [2011-11-11T16:47:36.153393 #2303] DEBUG -- :   [1m[35mSQL (0.0ms)[0m  DELETE FROM "category_translation" WHERE "category_translation"."id" = ?  [["id", 1]]
D, [2011-11-11T16:47:36.153828 #2303] DEBUG -- :   [1m[36m (0.1ms)[0m  [1mDELETE FROM "categories_groups" WHERE "categories_groups"."category_id" = 1 AND "categories_groups"."group_id" IN (1)[0m
D, [2011-11-11T16:47:36.154172 #2303] DEBUG -- :   [1m[35mSQL (0.0ms)[0m  DELETE FROM "categories" WHERE "categories"."id" = ?  [["id", 1]]
D, [2011-11-11T16:47:36.155180 #2303] DEBUG -- :   [1m[36mSQL (0.1ms)[0m  [1mDELETE FROM "group_translation" WHERE "group_translation"."id" = ?[0m  [["id", 1]]
D, [2011-11-11T16:47:36.158748 #2303] DEBUG -- :   [1m[35mCategory Load (0.1ms)[0m  SELECT "categories".* FROM "categories" INNER JOIN "categories_groups" ON "categories"."id" = "categories_groups"."category_id" WHERE "categories_groups"."group_id" = 1
D, [2011-11-11T16:47:36.159200 #2303] DEBUG -- :   [1m[36mSQL (0.1ms)[0m  [1mDELETE FROM "groups" WHERE "groups"."id" = ?[0m  [["id", 1]]
D, [2011-11-11T16:47:36.159896 #2303] DEBUG -- :   [1m[35mSQL (0.0ms)[0m  DELETE FROM "news"
D, [2011-11-11T16:47:36.160186 #2303] DEBUG -- :   [1m[36mSQL (0.0ms)[0m  [1mDELETE FROM "categories"[0m
D, [2011-11-11T16:47:36.160451 #2303] DEBUG -- :   [1m[35mSQL (0.0ms)[0m  DELETE FROM "meta_datas"
D, [2011-11-11T16:47:36.161514 #2303] DEBUG -- :   [1m[36mSQL (0.1ms)[0m  [1mINSERT INTO "groups" ("name") VALUES (?)[0m  [["name", "Sport"]]
D, [2011-11-11T16:47:36.163909 #2303] DEBUG -- :   [1m[35m (0.1ms)[0m  SELECT 1 FROM "group_translation" WHERE ("group_translation"."locale" = 'lv' AND "group_translation"."group_id" = 2) LIMIT 1
D, [2011-11-11T16:47:36.164619 #2303] DEBUG -- :   [1m[36mSQL (0.1ms)[0m  [1mINSERT INTO "group_translation" ("group_id", "locale", "name") VALUES (?, ?, ?)[0m  [["group_id", 2], ["locale", "lv"], ["name", "Sports"]]
D, [2011-11-11T16:47:36.186089 #2303] DEBUG -- :   [1m[35mGroup Load (0.1ms)[0m  SELECT "groups".* FROM "groups" WHERE "groups"."name" = 'Sport' LIMIT 1
D, [2011-11-11T16:47:36.187358 #2303] DEBUG -- :   [1m[36mGroupTranslation Load (0.1ms)[0m  [1mSELECT "group_translation".* FROM "group_translation" WHERE "group_translation"."group_id" = 2[0m
